Using pre-set license
Built from '6000.0/staging' branch; Version is '6000.0.32f1 (b2e806cf271c) revision 11724806'; Using compiler version '193933523'; Build Type 'Release'
OS: 'Windows 11  (10.0.26100) 64bit Professional' Language: 'ru' Physical Memory: 15754 MB
BatchMode: 1, IsHumanControllingUs: 0, StartBugReporterOnCrash: 0, Is64bit: 1, IsPro: 1

COMMAND LINE ARGUMENTS:
E:\hub\Unity\Hub\Editor\6000.0.32f1\Editor\Unity.exe
-adb2
-batchMode
-noUpm
-name
AssetImportWorker0
-projectPath
E:/Unity/GitProjects/Edge-Dance/Edge Dance
-logFile
Logs/AssetImportWorker0.log
-srvPort
53944
-job-worker-count
7
-background-job-worker-count
8
-gc-helper-count
1
Successfully changed project path to: E:/Unity/GitProjects/Edge-Dance/Edge Dance
E:/Unity/GitProjects/Edge-Dance/Edge Dance
[UnityMemory] Configuration Parameters - Can be set up in boot.config
    "memorysetup-bucket-allocator-granularity=16"
    "memorysetup-bucket-allocator-bucket-count=8"
    "memorysetup-bucket-allocator-block-size=33554432"
    "memorysetup-bucket-allocator-block-count=8"
    "memorysetup-main-allocator-block-size=16777216"
    "memorysetup-thread-allocator-block-size=16777216"
    "memorysetup-gfx-main-allocator-block-size=16777216"
    "memorysetup-gfx-thread-allocator-block-size=16777216"
    "memorysetup-cache-allocator-block-size=4194304"
    "memorysetup-typetree-allocator-block-size=2097152"
    "memorysetup-profiler-bucket-allocator-granularity=16"
    "memorysetup-profiler-bucket-allocator-bucket-count=8"
    "memorysetup-profiler-bucket-allocator-block-size=33554432"
    "memorysetup-profiler-bucket-allocator-block-count=8"
    "memorysetup-profiler-allocator-block-size=16777216"
    "memorysetup-profiler-editor-allocator-block-size=1048576"
    "memorysetup-temp-allocator-size-main=16777216"
    "memorysetup-job-temp-allocator-block-size=2097152"
    "memorysetup-job-temp-allocator-block-size-background=1048576"
    "memorysetup-job-temp-allocator-reduction-small-platforms=262144"
    "memorysetup-allocator-temp-initial-block-size-main=262144"
    "memorysetup-allocator-temp-initial-block-size-worker=262144"
    "memorysetup-temp-allocator-size-background-worker=32768"
    "memorysetup-temp-allocator-size-job-worker=262144"
    "memorysetup-temp-allocator-size-preload-manager=33554432"
    "memorysetup-temp-allocator-size-nav-mesh-worker=65536"
    "memorysetup-temp-allocator-size-audio-worker=65536"
    "memorysetup-temp-allocator-size-cloud-worker=32768"
    "memorysetup-temp-allocator-size-gi-baking-worker=262144"
    "memorysetup-temp-allocator-size-gi-baking-worker=262144"
    "memorysetup-temp-allocator-size-gi-baking-worker=262144"
    "memorysetup-temp-allocator-size-gi-baking-worker=262144"
    "memorysetup-temp-allocator-size-gi-baking-worker=262144"
    "memorysetup-temp-allocator-size-gfx=262144"
Player connection [11856]  Target information:

Player connection [11856]  * "[IP] 172.27.160.1 [Port] 0 [Flags] 2 [Guid] 2792253088 [EditorId] 2792253088 [Version] 1048832 [Id] WindowsEditor(7,DESKTOP-1LD13BJ) [Debug] 1 [PackageName] WindowsEditor [ProjectName] Editor" 

Player connection [11856]  * "[IP] 192.168.31.250 [Port] 0 [Flags] 2 [Guid] 2792253088 [EditorId] 2792253088 [Version] 1048832 [Id] WindowsEditor(7,DESKTOP-1LD13BJ) [Debug] 1 [PackageName] WindowsEditor [ProjectName] Editor" 

Player connection [11856] Host joined multi-casting on [225.0.0.222:54997]...
Player connection [11856] Host joined alternative multi-casting on [225.0.0.222:34997]...
JobSystem: Creating JobQueue using job-worker-count value 7
[Physics::Module] Initialized fallback backend.
[Physics::Module] Id: 0xdecafbad
Library Redirect Path: Library/
[Physics::Module] Selected backend.
[Physics::Module] Name: PhysX
[Physics::Module] Id: 0xf2b8ea05
[Physics::Module] SDK Version: 4.1.2
[Physics::Module] Integration Version: 1.0.0
[Physics::Module] Threading Mode: Multi-Threaded
Refreshing native plugins compatible for Editor in 1.21 ms, found 3 plugins.
Preloading 0 native plugins for Editor in 0.00 ms.
Initialize engine version: 6000.0.32f1 (b2e806cf271c)
[Subsystems] Discovering subsystems at path E:/hub/Unity/Hub/Editor/6000.0.32f1/Editor/Data/Resources/UnitySubsystems
[Subsystems] Discovering subsystems at path E:/Unity/GitProjects/Edge-Dance/Edge Dance/Assets
GfxDevice: creating device client; kGfxThreadingModeNonThreaded
Direct3D:
    Version:  Direct3D 11.0 [level 11.1]
    Renderer: Radeon RX 5500M (ID=0x7340)
    Vendor:   ATI
    VRAM:     4053 MB
    Driver:   32.0.12019.1028
Initialize mono
Mono path[0] = 'E:/hub/Unity/Hub/Editor/6000.0.32f1/Editor/Data/Managed'
Mono path[1] = 'E:/hub/Unity/Hub/Editor/6000.0.32f1/Editor/Data/MonoBleedingEdge/lib/mono/unityjit-win32'
Mono config path = 'E:/hub/Unity/Hub/Editor/6000.0.32f1/Editor/Data/MonoBleedingEdge/etc'
Using monoOptions --debugger-agent=transport=dt_socket,embedding=1,server=y,suspend=n,address=127.0.0.1:56888
Begin MonoManager ReloadAssembly
Registering precompiled unity dll's ...
Register platform support module: E:/hub/Unity/Hub/Editor/6000.0.32f1/Editor/Data/PlaybackEngines/WebGLSupport/UnityEditor.WebGL.Extensions.dll
Register platform support module: E:/hub/Unity/Hub/Editor/6000.0.32f1/Editor/Data/PlaybackEngines/WindowsStandaloneSupport/UnityEditor.WindowsStandalone.Extensions.dll
Registered in 0.002488 seconds.
- Loaded All Assemblies, in  0.401 seconds
Native extension for WindowsStandalone target not found
Native extension for WebGL target not found
Mono: successfully reloaded assembly
- Finished resetting the current domain, in  0.353 seconds
Domain Reload Profiling: 754ms
	BeginReloadAssembly (145ms)
		ExecutionOrderSort (0ms)
		DisableScriptedObjects (0ms)
		BackupInstance (0ms)
		ReleaseScriptingObjects (0ms)
		CreateAndSetChildDomain (1ms)
	RebuildCommonClasses (37ms)
	RebuildNativeTypeToScriptingClass (11ms)
	initialDomainReloadingComplete (47ms)
	LoadAllAssembliesAndSetupDomain (159ms)
		LoadAssemblies (145ms)
		RebuildTransferFunctionScriptingTraits (0ms)
		AnalyzeDomain (155ms)
			TypeCache.Refresh (154ms)
				TypeCache.ScanAssembly (140ms)
			BuildScriptInfoCaches (0ms)
			ResolveRequiredComponents (0ms)
	FinalizeReload (353ms)
		ReleaseScriptCaches (0ms)
		RebuildScriptCaches (0ms)
		SetupLoadedEditorAssemblies (315ms)
			LogAssemblyErrors (0ms)
			InitializePlatformSupportModulesInManaged (26ms)
			SetLoadedEditorAssemblies (6ms)
			BeforeProcessingInitializeOnLoad (56ms)
			ProcessInitializeOnLoadAttributes (167ms)
			ProcessInitializeOnLoadMethodAttributes (59ms)
			AfterProcessingInitializeOnLoad (0ms)
			EditorAssembliesLoaded (0ms)
		ExecutionOrderSort2 (0ms)
		AwakeInstancesAfterBackupRestoration (0ms)
========================================================================
Worker process is ready to serve import requests
Import Worker Mode flag is 0x00
Begin MonoManager ReloadAssembly
- Loaded All Assemblies, in  0.994 seconds
Refreshing native plugins compatible for Editor in 1.02 ms, found 3 plugins.
Native extension for WindowsStandalone target not found
Native extension for WebGL target not found
Mono: successfully reloaded assembly
- Finished resetting the current domain, in  0.988 seconds
Domain Reload Profiling: 1982ms
	BeginReloadAssembly (192ms)
		ExecutionOrderSort (0ms)
		DisableScriptedObjects (6ms)
		BackupInstance (0ms)
		ReleaseScriptingObjects (0ms)
		CreateAndSetChildDomain (35ms)
	RebuildCommonClasses (41ms)
	RebuildNativeTypeToScriptingClass (12ms)
	initialDomainReloadingComplete (44ms)
	LoadAllAssembliesAndSetupDomain (704ms)
		LoadAssemblies (441ms)
		RebuildTransferFunctionScriptingTraits (0ms)
		AnalyzeDomain (383ms)
			TypeCache.Refresh (277ms)
				TypeCache.ScanAssembly (254ms)
			BuildScriptInfoCaches (88ms)
			ResolveRequiredComponents (13ms)
	FinalizeReload (989ms)
		ReleaseScriptCaches (0ms)
		RebuildScriptCaches (0ms)
		SetupLoadedEditorAssemblies (804ms)
			LogAssemblyErrors (0ms)
			InitializePlatformSupportModulesInManaged (4ms)
			SetLoadedEditorAssemblies (7ms)
			BeforeProcessingInitializeOnLoad (191ms)
			ProcessInitializeOnLoadAttributes (512ms)
			ProcessInitializeOnLoadMethodAttributes (88ms)
			AfterProcessingInitializeOnLoad (2ms)
			EditorAssembliesLoaded (0ms)
		ExecutionOrderSort2 (0ms)
		AwakeInstancesAfterBackupRestoration (8ms)
Launched and connected shader compiler UnityShaderCompiler.exe after 0.02 seconds
Refreshing native plugins compatible for Editor in 0.97 ms, found 3 plugins.
Preloading 0 native plugins for Editor in 0.00 ms.
Unloading 212 Unused Serialized files (Serialized files now loaded: 0)
Unloading 5984 unused Assets / (5.1 MB). Loaded Objects now: 6671.
Memory consumption went from 162.4 MB to 157.2 MB.
Total: 11.817800 ms (FindLiveObjects: 0.845500 ms CreateObjectMapping: 1.052700 ms MarkObjects: 6.473800 ms  DeleteObjects: 3.443800 ms)

========================================================================
Received Import Request.
  Time since last request: 39463.321518 seconds.
  path: Assets/Scenes/MainMenu.unity
  artifactKey: Guid(8b712d4a3f8da0249a09269978dd0a84) Importer(815301076,1909f56bfc062723c751e8b465ee728b)
Start importing Assets/Scenes/MainMenu.unity using Guid(8b712d4a3f8da0249a09269978dd0a84) Importer(815301076,1909f56bfc062723c751e8b465ee728b) (PreviewImporter) -> (artifact id: 'b0ba94d688313014d6d15dc3ff958323') in 0.0073783 seconds
Number of updated asset objects reloaded before import = 0Number of asset objects unloaded after import = 0

========================================================================
Received Import Request.
  Time since last request: 11.982662 seconds.
  path: Assets/View/Models/menu expocition.fbx
  artifactKey: Guid(13f25ec29c3b61f4b83aa50bfe78e6df) Importer(815301076,1909f56bfc062723c751e8b465ee728b)
Start importing Assets/View/Models/menu expocition.fbx using Guid(13f25ec29c3b61f4b83aa50bfe78e6df) Importer(815301076,1909f56bfc062723c751e8b465ee728b) (PreviewImporter) -> (artifact id: '3c423ffe08689fa7a93856934ad9dd51') in 0.79382 seconds
Number of updated asset objects reloaded before import = 0Number of asset objects unloaded after import = 119

========================================================================
Received Import Request.
  Time since last request: 177.395248 seconds.
  path: Assets/View/Models/menu expocition.fbx
  artifactKey: Guid(13f25ec29c3b61f4b83aa50bfe78e6df) Importer(815301076,1909f56bfc062723c751e8b465ee728b)
Start importing Assets/View/Models/menu expocition.fbx using Guid(13f25ec29c3b61f4b83aa50bfe78e6df) Importer(815301076,1909f56bfc062723c751e8b465ee728b) (PreviewImporter) -> (artifact id: 'd87949b44e88728ab5fb2541d45f38f0') in 0.2277423 seconds
Number of updated asset objects reloaded before import = 0Number of asset objects unloaded after import = 119

========================================================================
Received Import Request.
  Time since last request: 1.096797 seconds.
  path: Assets/View/Models/Materials/Material.001.mat
  artifactKey: Guid(97b4ff35c4fce604aa58cc1473441a27) Importer(815301076,1909f56bfc062723c751e8b465ee728b)
Start importing Assets/View/Models/Materials/Material.001.mat using Guid(97b4ff35c4fce604aa58cc1473441a27) Importer(815301076,1909f56bfc062723c751e8b465ee728b) (PreviewImporter) -> (artifact id: 'dfb248e4231f4de4a4d95734bb58d6d4') in 0.0155006 seconds
Number of updated asset objects reloaded before import = 0Number of asset objects unloaded after import = 1

========================================================================
Received Import Request.
  Time since last request: 0.693619 seconds.
  path: Assets/View/Models/Materials/menu
  artifactKey: Guid(e25ea2e80d9a7ed48aeefc5a2ab61da7) Importer(815301076,1909f56bfc062723c751e8b465ee728b)
Start importing Assets/View/Models/Materials/menu using Guid(e25ea2e80d9a7ed48aeefc5a2ab61da7) Importer(815301076,1909f56bfc062723c751e8b465ee728b) (PreviewImporter) -> (artifact id: '5ea5769279ff983286c0684c95e959aa') in 0.0005038 seconds
Number of updated asset objects reloaded before import = 0Number of asset objects unloaded after import = 0

========================================================================
Received Import Request.
  Time since last request: 0.044392 seconds.
  path: Assets/View/Models/Materials/menu/Material.001.mat
  artifactKey: Guid(4617e5c207c893d469287f3517939499) Importer(815301076,1909f56bfc062723c751e8b465ee728b)
Start importing Assets/View/Models/Materials/menu/Material.001.mat using Guid(4617e5c207c893d469287f3517939499) Importer(815301076,1909f56bfc062723c751e8b465ee728b) (PreviewImporter) -> (artifact id: '3b0c9fd7801c1172491eed1349625dfc') in 0.0224922 seconds
Number of updated asset objects reloaded before import = 0Number of asset objects unloaded after import = 1

========================================================================
Received Import Request.
  Time since last request: 0.000038 seconds.
  path: Assets/View/Models/Materials/menu/Material.007.mat
  artifactKey: Guid(69f09597c3b1198478acf203f8abe248) Importer(815301076,1909f56bfc062723c751e8b465ee728b)
Start importing Assets/View/Models/Materials/menu/Material.007.mat using Guid(69f09597c3b1198478acf203f8abe248) Importer(815301076,1909f56bfc062723c751e8b465ee728b) (PreviewImporter) -> (artifact id: '0f03ee886859f410a9382ff6e9b65f60') in 0.0209912 seconds
Number of updated asset objects reloaded before import = 0Number of asset objects unloaded after import = 1

========================================================================
Received Import Request.
  Time since last request: 0.000029 seconds.
  path: Assets/View/Models/Materials/menu/Material.003.mat
  artifactKey: Guid(b9585e2500259c44bb7013bf7012757e) Importer(815301076,1909f56bfc062723c751e8b465ee728b)
Start importing Assets/View/Models/Materials/menu/Material.003.mat using Guid(b9585e2500259c44bb7013bf7012757e) Importer(815301076,1909f56bfc062723c751e8b465ee728b) (PreviewImporter) -> (artifact id: '9c96a36cabb870ca808fab1552019958') in 0.0193165 seconds
Number of updated asset objects reloaded before import = 0Number of asset objects unloaded after import = 1

========================================================================
Received Import Request.
  Time since last request: 0.000036 seconds.
  path: Assets/View/Models/Materials/menu/Material.008.mat
  artifactKey: Guid(01269df10906b0f4898b0c1fdc8a6b5a) Importer(815301076,1909f56bfc062723c751e8b465ee728b)
Start importing Assets/View/Models/Materials/menu/Material.008.mat using Guid(01269df10906b0f4898b0c1fdc8a6b5a) Importer(815301076,1909f56bfc062723c751e8b465ee728b) (PreviewImporter) -> (artifact id: '22b5747be235224683222ebaf4e8a65b') in 0.0205134 seconds
Number of updated asset objects reloaded before import = 0Number of asset objects unloaded after import = 1

========================================================================
Received Import Request.
  Time since last request: 0.000028 seconds.
  path: Assets/View/Models/Materials/menu/Material.004.mat
  artifactKey: Guid(7fbcf8e53cbc24f42854ab6f9cf487f2) Importer(815301076,1909f56bfc062723c751e8b465ee728b)
Start importing Assets/View/Models/Materials/menu/Material.004.mat using Guid(7fbcf8e53cbc24f42854ab6f9cf487f2) Importer(815301076,1909f56bfc062723c751e8b465ee728b) (PreviewImporter) -> (artifact id: '3c03bd9e9523527a9ea543484e518a53') in 0.0175791 seconds
Number of updated asset objects reloaded before import = 0Number of asset objects unloaded after import = 1

========================================================================
Received Import Request.
  Time since last request: 0.000045 seconds.
  path: Assets/View/Models/Materials/menu/Material.009.mat
  artifactKey: Guid(6be14a9697f26e040b1f0ddb839717f0) Importer(815301076,1909f56bfc062723c751e8b465ee728b)
Start importing Assets/View/Models/Materials/menu/Material.009.mat using Guid(6be14a9697f26e040b1f0ddb839717f0) Importer(815301076,1909f56bfc062723c751e8b465ee728b) (PreviewImporter) -> (artifact id: '157ad5c47489d53b60c4b2049036002e') in 0.0196381 seconds
Number of updated asset objects reloaded before import = 0Number of asset objects unloaded after import = 1

========================================================================
Received Import Request.
  Time since last request: 0.000032 seconds.
  path: Assets/View/Models/Materials/menu/Material.005.mat
  artifactKey: Guid(bbf632817cc74d945b6db968552ad980) Importer(815301076,1909f56bfc062723c751e8b465ee728b)
Start importing Assets/View/Models/Materials/menu/Material.005.mat using Guid(bbf632817cc74d945b6db968552ad980) Importer(815301076,1909f56bfc062723c751e8b465ee728b) (PreviewImporter) -> (artifact id: 'd9757f5393f9f930f891717ab438ef78') in 0.0213419 seconds
Number of updated asset objects reloaded before import = 0Number of asset objects unloaded after import = 1

========================================================================
Received Import Request.
  Time since last request: 0.000027 seconds.
  path: Assets/View/Models/Materials/menu/Material.006.mat
  artifactKey: Guid(a20cd1b3a109b4f4a9ef07418e58abea) Importer(815301076,1909f56bfc062723c751e8b465ee728b)
Start importing Assets/View/Models/Materials/menu/Material.006.mat using Guid(a20cd1b3a109b4f4a9ef07418e58abea) Importer(815301076,1909f56bfc062723c751e8b465ee728b) (PreviewImporter) -> (artifact id: '73c0751309274aec5ae927580af3dfef') in 0.0272666 seconds
Number of updated asset objects reloaded before import = 0Number of asset objects unloaded after import = 1

========================================================================
Received Import Request.
  Time since last request: 3.540303 seconds.
  path: Assets/View/Models/Materials/menu/Material.010.mat
  artifactKey: Guid(cc25d6f1f4651b54d88410e7f33a49d2) Importer(815301076,1909f56bfc062723c751e8b465ee728b)
Start importing Assets/View/Models/Materials/menu/Material.010.mat using Guid(cc25d6f1f4651b54d88410e7f33a49d2) Importer(815301076,1909f56bfc062723c751e8b465ee728b) (PreviewImporter) -> (artifact id: '7f05a5084c07b9550c1f303c0df396b7') in 0.0199071 seconds
Number of updated asset objects reloaded before import = 0Number of asset objects unloaded after import = 1

========================================================================
Received Import Request.
  Time since last request: 120.261148 seconds.
  path: Assets/View/Models/Materials/menu/Material.003.mat
  artifactKey: Guid(b9585e2500259c44bb7013bf7012757e) Importer(815301076,1909f56bfc062723c751e8b465ee728b)
Start importing Assets/View/Models/Materials/menu/Material.003.mat using Guid(b9585e2500259c44bb7013bf7012757e) Importer(815301076,1909f56bfc062723c751e8b465ee728b) (PreviewImporter) -> (artifact id: 'fea1a51823e9beb2fe15b5ab9aeb9e85') in 0.0212147 seconds
Number of updated asset objects reloaded before import = 0Number of asset objects unloaded after import = 1

========================================================================
Received Import Request.
  Time since last request: 0.000028 seconds.
  path: Assets/View/Models/Materials/menu/Material.004.mat
  artifactKey: Guid(7fbcf8e53cbc24f42854ab6f9cf487f2) Importer(815301076,1909f56bfc062723c751e8b465ee728b)
Start importing Assets/View/Models/Materials/menu/Material.004.mat using Guid(7fbcf8e53cbc24f42854ab6f9cf487f2) Importer(815301076,1909f56bfc062723c751e8b465ee728b) (PreviewImporter) -> (artifact id: '49a9e20521536636fd008fb77e93f574') in 0.0214881 seconds
Number of updated asset objects reloaded before import = 0Number of asset objects unloaded after import = 1

========================================================================
Received Import Request.
  Time since last request: 0.000026 seconds.
  path: Assets/View/Models/Materials/menu/Material.005.mat
  artifactKey: Guid(bbf632817cc74d945b6db968552ad980) Importer(815301076,1909f56bfc062723c751e8b465ee728b)
Start importing Assets/View/Models/Materials/menu/Material.005.mat using Guid(bbf632817cc74d945b6db968552ad980) Importer(815301076,1909f56bfc062723c751e8b465ee728b) (PreviewImporter) -> (artifact id: '2086eabebb8a60ca6c3893f1a99cd517') in 0.0169919 seconds
Number of updated asset objects reloaded before import = 0Number of asset objects unloaded after import = 1

========================================================================
Received Import Request.
  Time since last request: 0.000038 seconds.
  path: Assets/View/Models/Materials/menu/Material.006.mat
  artifactKey: Guid(a20cd1b3a109b4f4a9ef07418e58abea) Importer(815301076,1909f56bfc062723c751e8b465ee728b)
Start importing Assets/View/Models/Materials/menu/Material.006.mat using Guid(a20cd1b3a109b4f4a9ef07418e58abea) Importer(815301076,1909f56bfc062723c751e8b465ee728b) (PreviewImporter) -> (artifact id: 'a9e6a5a146f0773205d662b3c1a60bb2') in 0.0185279 seconds
Number of updated asset objects reloaded before import = 0Number of asset objects unloaded after import = 1

========================================================================
Received Prepare
Refreshing native plugins compatible for Editor in 0.81 ms, found 3 plugins.
Preloading 0 native plugins for Editor in 0.00 ms.
Unloading 13 Unused Serialized files (Serialized files now loaded: 0)
Unloading 5977 unused Assets / (4.9 MB). Loaded Objects now: 6862.
Memory consumption went from 145.9 MB to 141.0 MB.
Total: 12.401400 ms (FindLiveObjects: 0.642000 ms CreateObjectMapping: 0.608600 ms MarkObjects: 8.415200 ms  DeleteObjects: 2.733800 ms)

Prepare: number of updated asset objects reloaded= 0
Editor requested this worker to shutdown with reason: Scaling down because of idle timeout
AssetImportWorker is now disconnected from the server
Process exiting
Exiting without the bug reporter. Application will terminate with return code 0